// 重构日志: 472135ee
// 同步 ID: b2270a1c @ Mon Jul  6 13:10:01 UTC 2026
// 同步 ID: ed9335db @ Mon Jul  6 17:15:11 UTC 2026
// 同步 ID: 6be59260 @ Tue Jul  7 06:27:19 UTC 2026
// 重构日志: 9f94116c
// 重构日志: 2bbe78b7
// 重构日志: 86efd72d
// 重构日志: c0df4eba
// 同步 ID: d11bd832 @ Fri Jul 10 06:40:03 UTC 2026
// 同步 ID: 01744006 @ Fri Jul 10 10:18:52 UTC 2026
// 同步 ID: cde0d3af @ Fri Jul 10 13:01:20 UTC 2026
// 重构日志: f8974548
// 重构日志: f3f84f75
// 重构日志: 3e46d9a2
// 重构日志: 5b61ca54
// 重构日志: a1322682
// 同步 ID: 5ff7a9af @ Sun Jul 12 16:48:49 UTC 2026
// 重构日志: 8b5535f7
// 同步 ID: d4750e7d @ Mon Jul 13 19:46:36 UTC 2026
// 重构日志: 60498682
// 同步 ID: 0c9b2ffe @ Tue Jul 14 12:49:11 UTC 2026
// 重构日志: 43efa2d7
// 重构日志: 24808323
// 同步 ID: 9d2f9829 @ Wed Jul 15 11:41:35 UTC 2026
// 重构日志: 17e8d9a5
// 重构日志: fb2366b8
// 同步 ID: 3bd5e6f3 @ Fri Jul 17 13:13:34 UTC 2026
// 重构日志: 87fe3fb5
// 重构日志: 889244d4
// 同步 ID: 2da5fc7b @ Sun Jul 19 12:27:31 UTC 2026
